2000 0.37 0.64
2001 0.22 0.75
2002 0.30 0.78
2003 0.33 0.81
2004 0.34 0.84
2005 0.34 0.88
2006 0.35 0.92
2007 0.36 0.96
2008 0.39 0.99
2009 0.42 1.02
2010 0.45 1.04
2011 0.47 1.05
2012 0.48 1.07
2013 0.49 1.08
2014 0.50 1.11
2015 0.50 1.14
2016 0.51 1.19
2017 0.52 1.23
2018 0.53 1.26
2019 0.54 1.29
2020 0.56 1.32
2021 0.58 1.35
2022 0.61 1.38
2023 0.65 1.41
2024 0.69 1.45
2025 0.72 1.51
2026 0.75 1.57
2027 0.77 1.64
2028 0.77 1.71
2029 0.78 1.78
2030 0.78 1.83
2031 0.80 1.88
2032 0.82 1.93
2033 0.85 1.98
2034 0.88 2.04
2035 0.90 2.09
2036 0.93 2.13
2037 0.97 2.18
2038 1.01 2.21
2039 1.06 2.24
2040 1.12 2.27
2041 1.18 2.29
2042 1.22 2.32
2043 1.23 2.35
2044 1.25 2.38
2045 1.28 2.43
2046 1.31 2.47
2047 1.34 2.51
2048 1.36 2.55
2049 1.38 2.59
2050 1.40 2.63
2051 1.42 2.67
2052 1.45 2.72
2053 1.47 2.78
2054 1.48 2.85
2055 1.50 2.92
2056 1.51 3.00
2057 1.53 3.07
2058 1.56 3.13
2059 1.58 3.18
2060 1.61 3.22
2061 1.62 3.25
2062 1.64 3.28
2063 1.67 3.32
2064 1.70 3.36
2065 1.75 3.41
2066 1.79 3.47
2067 1.80 3.53
2068 1.80 3.60
2069 1.81 3.66
2070 1.81 3.71
2071 1.82 3.75
2072 1.84 3.78
2073 1.87 3.82
2074 1.90 3.85
2075 1.93 3.89
2076 1.96 3.92
2077 1.97 3.94
2078 1.99 3.97
2079 2.02 3.99
2080 2.04 4.02
2081 2.06 4.05
2082 2.08 4.08
2083 2.09 4.12
2084 2.11 4.16
2085 2.11 4.20
2086 2.12 4.24
2087 2.13 4.29
2088 2.13 4.33
2089 2.13 4.37
2090 2.12 4.42
2091 2.11 4.46
2092 2.10 4.49
2093 2.11 4.53
2094 2.13 4.56
2095 2.15 4.59
2096 2.18 4.61
2097 2.20 4.63
2098 2.23 4.64
2099 2.26 4.64
2100 2.29 4.64
